mode: set
Assignment2/handler/currentRenew.go:14.64,15.18 1 1
Assignment2/handler/currentRenew.go:16.22,17.28 1 1
Assignment2/handler/currentRenew.go:18.10,20.49 1 1
Assignment2/handler/currentRenew.go:22.2,22.8 1 1
Assignment2/handler/currentRenew.go:27.66,33.45 2 1
Assignment2/handler/currentRenew.go:33.45,37.3 3 1
Assignment2/handler/currentRenew.go:40.2,42.38 3 1
Assignment2/handler/currentRenew.go:42.38,46.3 3 0
Assignment2/handler/currentRenew.go:49.2,49.24 1 1
Assignment2/handler/currentRenew.go:49.24,51.3 1 1
Assignment2/handler/currentRenew.go:52.2,55.21 2 1
Assignment2/handler/currentRenew.go:55.21,56.25 1 1
Assignment2/handler/currentRenew.go:56.25,59.4 2 1
Assignment2/handler/currentRenew.go:59.9,62.21 3 1
Assignment2/handler/currentRenew.go:62.21,64.19 2 0
Assignment2/handler/currentRenew.go:64.19,66.6 1 0
Assignment2/handler/currentRenew.go:67.5,67.39 1 0
Assignment2/handler/currentRenew.go:67.39,69.6 1 0
Assignment2/handler/currentRenew.go:72.4,72.25 1 1
Assignment2/handler/currentRenew.go:72.25,76.5 3 0
Assignment2/handler/currentRenew.go:79.4,82.57 2 1
Assignment2/handler/currentRenew.go:82.57,86.5 3 1
Assignment2/handler/currentRenew.go:88.8,88.28 1 1
Assignment2/handler/currentRenew.go:88.28,91.3 1 0
Assignment2/handler/currentRenew.go:91.8,95.3 3 1
Assignment2/handler/currentRenew.go:97.2,98.16 2 1
Assignment2/handler/currentRenew.go:98.16,100.3 1 0
Assignment2/handler/currentRenew.go:102.2,104.23 3 1
Assignment2/handler/currentRenew.go:108.80,112.31 2 1
Assignment2/handler/currentRenew.go:112.31,114.52 2 1
Assignment2/handler/currentRenew.go:114.52,116.4 1 1
Assignment2/handler/currentRenew.go:119.2,120.40 2 1
Assignment2/handler/currentRenew.go:120.40,123.3 1 1
Assignment2/handler/currentRenew.go:126.2,126.42 1 1
Assignment2/handler/currentRenew.go:126.42,128.3 1 1
Assignment2/handler/currentRenew.go:130.2,130.16 1 1
Assignment2/handler/currentRenew.go:136.97,138.23 1 1
Assignment2/handler/currentRenew.go:138.23,140.3 1 0
Assignment2/handler/currentRenew.go:142.2,146.31 4 1
Assignment2/handler/currentRenew.go:146.31,148.40 2 1
Assignment2/handler/currentRenew.go:148.40,150.41 1 1
Assignment2/handler/currentRenew.go:150.41,153.5 2 1
Assignment2/handler/currentRenew.go:155.3,156.25 2 1
Assignment2/handler/currentRenew.go:162.2,162.19 1 1
Assignment2/handler/currentRenew.go:168.82,173.16 4 0
Assignment2/handler/currentRenew.go:173.16,177.3 3 0
Assignment2/handler/currentRenew.go:179.2,185.16 4 0
Assignment2/handler/currentRenew.go:185.16,189.3 3 0
Assignment2/handler/currentRenew.go:192.2,195.41 2 0
Assignment2/handler/currentRenew.go:195.41,199.3 3 0
Assignment2/handler/currentRenew.go:201.2,202.16 2 0
Assignment2/handler/currentRenew.go:202.16,206.3 3 0
Assignment2/handler/currentRenew.go:208.2,208.38 1 0
Assignment2/handler/currentRenew.go:208.38,210.3 1 0
Assignment2/handler/currentRenew.go:212.2,212.29 1 0
Assignment2/handler/defaultHandler.go:11.59,46.16 4 0
Assignment2/handler/defaultHandler.go:46.16,49.3 2 0
Assignment2/handler/generalFunctions.go:16.49,19.16 2 1
Assignment2/handler/generalFunctions.go:19.16,21.3 1 1
Assignment2/handler/generalFunctions.go:22.2,22.28 1 1
Assignment2/handler/generalFunctions.go:22.28,24.17 2 1
Assignment2/handler/generalFunctions.go:24.17,26.4 1 1
Assignment2/handler/generalFunctions.go:30.2,33.16 3 1
Assignment2/handler/generalFunctions.go:33.16,35.3 1 1
Assignment2/handler/generalFunctions.go:37.2,38.16 2 1
Assignment2/handler/generalFunctions.go:38.16,40.3 1 1
Assignment2/handler/generalFunctions.go:42.2,43.28 2 1
Assignment2/handler/generalFunctions.go:43.28,44.17 1 0
Assignment2/handler/generalFunctions.go:44.17,45.12 1 0
Assignment2/handler/generalFunctions.go:47.3,48.17 2 0
Assignment2/handler/generalFunctions.go:48.17,50.4 1 0
Assignment2/handler/generalFunctions.go:51.3,52.17 2 0
Assignment2/handler/generalFunctions.go:52.17,54.4 1 0
Assignment2/handler/generalFunctions.go:55.3,61.34 2 0
Assignment2/handler/generalFunctions.go:64.2,64.16 1 1
Assignment2/handler/generalFunctions.go:68.93,73.32 3 1
Assignment2/handler/generalFunctions.go:73.32,74.41 1 1
Assignment2/handler/generalFunctions.go:74.41,82.4 2 1
Assignment2/handler/generalFunctions.go:84.2,84.20 1 1
Assignment2/handler/generalFunctions.go:88.68,97.16 5 0
Assignment2/handler/generalFunctions.go:97.16,99.3 1 0
Assignment2/handler/generalFunctions.go:100.2,105.16 4 0
Assignment2/handler/generalFunctions.go:105.16,107.3 1 0
Assignment2/handler/generalFunctions.go:110.2,110.27 1 0
Assignment2/handler/generalFunctions.go:110.27,112.3 1 0
Assignment2/handler/generalFunctions.go:114.2,114.25 1 0
Assignment2/handler/notifications.go:25.27,32.16 5 1
Assignment2/handler/notifications.go:32.16,35.3 2 0
Assignment2/handler/notifications.go:37.2,38.16 2 1
Assignment2/handler/notifications.go:38.16,41.3 2 0
Assignment2/handler/notifications.go:43.2,43.12 1 1
Assignment2/handler/notifications.go:46.67,48.18 1 0
Assignment2/handler/notifications.go:49.23,50.24 1 0
Assignment2/handler/notifications.go:51.22,52.24 1 0
Assignment2/handler/notifications.go:53.25,54.22 1 0
Assignment2/handler/notifications.go:59.62,64.16 3 0
Assignment2/handler/notifications.go:64.16,68.3 3 0
Assignment2/handler/notifications.go:71.2,76.16 4 0
Assignment2/handler/notifications.go:76.16,81.3 3 0
Assignment2/handler/notifications.go:84.2,88.16 3 0
Assignment2/handler/notifications.go:88.16,92.3 3 0
Assignment2/handler/notifications.go:95.2,103.16 5 0
Assignment2/handler/notifications.go:103.17,105.3 0 0
Assignment2/handler/notifications.go:106.2,106.19 1 0
Assignment2/handler/notifications.go:111.60,116.42 2 0
Assignment2/handler/notifications.go:116.42,120.3 3 0
Assignment2/handler/notifications.go:122.2,129.16 4 0
Assignment2/handler/notifications.go:129.16,133.3 3 0
Assignment2/handler/notifications.go:135.2,139.16 3 0
Assignment2/handler/notifications.go:139.16,143.3 3 0
Assignment2/handler/notifications.go:145.2,149.16 3 0
Assignment2/handler/notifications.go:149.16,153.3 3 0
Assignment2/handler/notifications.go:155.2,158.33 3 0
Assignment2/handler/notifications.go:163.62,168.20 2 0
Assignment2/handler/notifications.go:168.20,176.17 4 0
Assignment2/handler/notifications.go:176.17,180.4 3 0
Assignment2/handler/notifications.go:183.3,187.31 4 0
Assignment2/handler/notifications.go:188.8,194.7 3 0
Assignment2/handler/notifications.go:194.7,196.28 2 0
Assignment2/handler/notifications.go:196.28,197.10 1 0
Assignment2/handler/notifications.go:199.4,199.18 1 0
Assignment2/handler/notifications.go:199.18,201.5 1 0
Assignment2/handler/notifications.go:204.4,207.25 3 0
Assignment2/handler/notifications.go:207.25,217.5 2 0
Assignment2/handler/notifications.go:220.3,221.35 2 0
Assignment2/handler/notifications.go:225.38,232.6 3 0
Assignment2/handler/notifications.go:232.6,234.27 2 0
Assignment2/handler/notifications.go:234.27,235.9 1 0
Assignment2/handler/notifications.go:237.3,237.17 1 0
Assignment2/handler/notifications.go:237.17,239.4 1 0
Assignment2/handler/notifications.go:242.3,245.24 3 0
Assignment2/handler/notifications.go:245.24,255.4 2 0
Assignment2/handler/notifications.go:259.2,259.36 1 0
Assignment2/handler/notifications.go:259.36,261.54 1 0
Assignment2/handler/notifications.go:261.54,264.79 2 0
Assignment2/handler/notifications.go:264.79,266.5 1 0
Assignment2/handler/notifications.go:269.3,275.17 3 0
Assignment2/handler/notifications.go:275.17,277.4 1 0
Assignment2/handler/notifications.go:281.51,295.16 6 0
Assignment2/handler/notifications.go:295.16,298.3 2 0
Assignment2/handler/renewHistory.go:15.61,16.18 1 0
Assignment2/handler/renewHistory.go:17.22,18.25 1 0
Assignment2/handler/renewHistory.go:19.10,21.49 1 0
Assignment2/handler/renewHistory.go:23.2,23.8 1 0
Assignment2/handler/renewHistory.go:29.63,36.36 4 0
Assignment2/handler/renewHistory.go:36.36,39.3 2 0
Assignment2/handler/renewHistory.go:42.2,43.16 2 0
Assignment2/handler/renewHistory.go:43.16,46.3 2 0
Assignment2/handler/renewHistory.go:49.2,54.30 4 0
Assignment2/handler/renewHistory.go:54.30,57.3 2 0
Assignment2/handler/renewHistory.go:57.8,57.22 1 0
Assignment2/handler/renewHistory.go:57.22,59.3 1 0
Assignment2/handler/renewHistory.go:59.8,59.24 1 0
Assignment2/handler/renewHistory.go:59.24,61.3 1 0
Assignment2/handler/renewHistory.go:61.8,61.24 1 0
Assignment2/handler/renewHistory.go:61.24,65.3 3 0
Assignment2/handler/renewHistory.go:67.2,73.15 5 0
Assignment2/handler/renewHistory.go:73.15,76.3 2 0
Assignment2/handler/renewHistory.go:78.2,78.39 1 0
Assignment2/handler/renewHistory.go:78.39,79.51 1 0
Assignment2/handler/renewHistory.go:79.51,87.4 2 0
Assignment2/handler/renewHistory.go:91.2,91.24 1 0
Assignment2/handler/renewHistory.go:91.24,94.3 2 0
Assignment2/handler/renewHistory.go:97.2,97.27 1 0
Assignment2/handler/renewHistory.go:97.27,99.45 1 0
Assignment2/handler/renewHistory.go:99.45,101.4 1 0
Assignment2/handler/renewHistory.go:105.2,105.15 1 0
Assignment2/handler/renewHistory.go:105.15,109.17 3 0
Assignment2/handler/renewHistory.go:109.17,111.4 1 0
Assignment2/handler/renewHistory.go:113.3,114.24 2 0
Assignment2/handler/renewHistory.go:115.8,117.17 2 0
Assignment2/handler/renewHistory.go:117.17,119.4 1 0
Assignment2/handler/renewHistory.go:121.3,122.24 2 0
Assignment2/handler/renewHistory.go:128.89,132.36 3 0
Assignment2/handler/renewHistory.go:132.36,134.37 1 0
Assignment2/handler/renewHistory.go:134.37,141.47 4 0
Assignment2/handler/renewHistory.go:141.47,143.5 1 0
Assignment2/handler/renewHistory.go:145.4,156.42 5 0
Assignment2/handler/renewHistory.go:159.2,159.16 1 0
Assignment2/handler/status.go:17.13,19.2 1 1
Assignment2/handler/status.go:22.60,23.18 1 0
Assignment2/handler/status.go:24.22,25.18 1 0
Assignment2/handler/status.go:26.10,28.49 1 0
Assignment2/handler/status.go:30.2,30.8 1 0
Assignment2/handler/status.go:34.42,40.16 3 0
Assignment2/handler/status.go:40.16,43.3 2 0
Assignment2/handler/status.go:44.2,44.26 1 0
Assignment2/handler/status.go:44.26,46.17 2 0
Assignment2/handler/status.go:46.17,48.4 1 0
Assignment2/handler/status.go:51.2,52.16 2 0
Assignment2/handler/status.go:52.16,55.3 2 0
Assignment2/handler/status.go:56.2,64.30 5 0
Assignment2/handler/status.go:64.30,66.3 1 0
Assignment2/handler/status.go:68.2,82.16 5 0
Assignment2/handler/status.go:82.16,85.3 2 0
Assignment2/handler/status.go:88.2,90.15 3 0
Assignment2/handler/status.go:94.31,97.19 1 0
Assignment2/handler/status.go:97.19,101.3 3 0
Assignment2/handler/status.go:104.2,107.62 2 0
Assignment2/handler/status.go:107.62,111.3 2 0
Assignment2/handler/status.go:114.2,114.44 1 0
Assignment2/handler/status.go:114.44,117.18 2 0
Assignment2/handler/status.go:117.18,119.12 2 0
Assignment2/handler/status.go:122.3,123.17 2 0
Assignment2/handler/status.go:123.17,127.4 2 0
Assignment2/handler/status.go:127.9,127.34 1 0
Assignment2/handler/status.go:127.34,128.12 1 0
Assignment2/handler/status.go:129.9,131.12 2 0
Assignment2/handler/status.go:136.2,137.15 2 0
Assignment2/handler/status.go:141.27,149.6 4 0
Assignment2/handler/status.go:149.6,151.27 2 0
Assignment2/handler/status.go:151.27,152.9 1 0
Assignment2/handler/status.go:154.3,154.17 1 0
Assignment2/handler/status.go:154.17,155.14 1 0
Assignment2/handler/status.go:157.3,157.16 1 0
Assignment2/handler/status.go:160.2,160.20 1 0
